Arguments: 
  C:\Program Files\nodejs\node.exe C:\Program Files (x86)\Yarn\bin\yarn.js add chromedriver

PATH: 
  C:\tools\ruby30\bin;C:\Program Files\ImageMagick-7.1.0-Q16-HDRI;C:\Program Files (x86)\Common Files\Oracle\Java\javapath;C:\Python39\Scripts\;C:\Python39\;C:\Program Files\Python37\Scripts\;C:\Program Files\Python37\;C:\Program Files\OpenJDK\jdk-12\bin;C:\Windows\system32;C:\Windows;C:\Windows\System32\Wbem;C:\Windows\System32\WindowsPowerShell\v1.0\;C:\Windows\System32\OpenSSH\;C:\ProgramData\chocolatey\bin;C:\Program Files\Microsoft VS Code\bin;C:\Program Files (x86)\Yarn\bin\;C:\Program Files (x86)\Google\Cloud SDK\google-cloud-sdk\bin;C:\Program Files (x86)\Lua\5.1;C:\Program Files (x86)\Lua\5.1\clibs;C:\Program Files (x86)\Pulse Secure\VC142.CRT\X64\;C:\Program Files (x86)\Pulse Secure\VC142.CRT\X86\;C:\Program Files\OpenJDK\openjdk-8u292-b10-jre\bin;C:\Program Files\OpenJDK\jdk-16.0.1\bin;C:\Program Files (x86)\Gpg4win\..\GnuPG\bin;C:\Program Files\Docker\Docker\resources\bin;C:\ProgramData\DockerDesktop\version-bin;C:\Program Files\Git\cmd;C:\tools\php80;C:\Program Files\Go\bin;C:\Program Files\nodejs\;C:\Users\patels\.cargo\bin;C:\Program Files\Sublime Text 3;C:\Experiments\go\bin;C:\Users\patels\AppData\Local\Microsoft\WindowsApps;C:\tools\flutter\bin;C:\tools\msys64;C:\Users\patels\AppData\Local\GitHubDesktop\bin;C:\Program Files (x86)\GitHub CLI\;C:\Program Files\OpenSSL-Win64\bin;C:\tools\dart-sdk\bin;C:\Users\patels\AppData\Roaming\Pub\Cache\bin;C:\Users\patels\go\bin;C:\Users\patels\AppData\Roaming\npm;C:\Program Files\heroku\bin

Yarn version: 
  1.22.5

Node version: 
  16.5.0

Platform: 
  win32 x64

Trace: 
  Error: EBUSY: resource busy or locked, unlink 'C:\Experiments\Protractor\protractor-demo-swadhin\node_modules\protractor\selenium\selenium-server-standalone-2.45.0.jar'

npm manifest: 
  {
    "name": "protractor-demo",
    "version": "0.0.1",
    "author": "Julie Ralph <ju.ralph@gmail.com>",
    "description": "A demo app with Protractor tests",
    "scripts": {
      "start": "node app/expressserver.js",
      "test": "npx protractor test/conf.js"
    },
    "repository": {
      "type": "git",
      "url": "https://github.com/juliemr/protractor-demo"
    },
    "dependencies": {
      "express": "~3.4.0",
      "firefox-profile": "0.3.4",
      "mkdirp": "~0.3.5",
      "protractor": "2.1.0",
      "q": "1.0.0"
    },
    "license": "MIT"
  }

yarn manifest: 
  No manifest

Lockfile: 
  # THIS IS AN AUTOGENERATED FILE. DO NOT EDIT THIS FILE DIRECTLY.
  # yarn lockfile v1
  
  
  accessibility-developer-tools@~2.6.0:
    version "2.6.0"
    resolved "https://registry.yarnpkg.com/accessibility-developer-tools/-/accessibility-developer-tools-2.6.0.tgz#fcedaff014eddc3f54c4b365931be1f715746afc"
    integrity sha1-/O2v8BTt3D9UxLNlkxvh9xV0avw=
  
  adm-zip@0.4.4:
    version "0.4.4"
    resolved "https://registry.yarnpkg.com/adm-zip/-/adm-zip-0.4.4.tgz#a61ed5ae6905c3aea58b3a657d25033091052736"
    integrity sha1-ph7VrmkFw66lizplfSUDMJEFJzY=
  
  adm-zip@~0.4.x:
    version "0.4.16"
    resolved "https://registry.yarnpkg.com/adm-zip/-/adm-zip-0.4.16.tgz#cf4c508fdffab02c269cbc7f471a875f05570365"
    integrity sha512-TFi4HBKSGfIKsK5YCkKaaFG2m4PEDyViZmEwof3MTIgzimHLto6muaHVpbrljdIvIrFZzEq/p4nafOeLcYegrg==
  
  amdefine@>=0.0.4:
    version "1.0.1"
    resolved "https://registry.yarnpkg.com/amdefine/-/amdefine-1.0.1.tgz#4a5282ac164729e93619bcfd3ad151f817ce91f5"
    integrity sha1-SlKCrBZHKek2Gbz9OtFR+BfOkfU=
  
  archiver@~0.11:
    version "0.11.0"
    resolved "https://registry.yarnpkg.com/archiver/-/archiver-0.11.0.tgz#98177da7a6c0192b7f2798f30cd6eab8abd76690"
    integrity sha1-mBd9p6bAGSt/J5jzDNbquKvXZpA=
    dependencies:
      async "~0.9.0"
      buffer-crc32 "~0.2.1"
      glob "~3.2.6"
      lazystream "~0.1.0"
      lodash "~2.4.1"
      readable-stream "~1.0.26"
      tar-stream "~0.4.0"
      zip-stream "~0.4.0"
  
  asn1@0.1.11:
    version "0.1.11"
    resolved "https://registry.yarnpkg.com/asn1/-/asn1-0.1.11.tgz#559be18376d08a4ec4dbe80877d27818639b2df7"
    integrity sha1-VZvhg3bQik7E2+gId9J4GGObLfc=
  
  assert-plus@^0.1.5:
    version "0.1.5"
    resolved "https://registry.yarnpkg.com/assert-plus/-/assert-plus-0.1.5.tgz#ee74009413002d84cec7219c6ac811812e723160"
    integrity sha1-7nQAlBMALYTOxyGcasgRgS5yMWA=
  
  async@~0.9.0:
    version "0.9.2"
    resolved "https://registry.yarnpkg.com/async/-/async-0.9.2.tgz#aea74d5e61c1f899613bf64bda66d4c78f2fd17d"
    integrity sha1-rqdNXmHB+JlhO/ZL2mbUx48v0X0=
  
  aws-sign2@~0.5.0:
    version "0.5.0"
    resolved "https://registry.yarnpkg.com/aws-sign2/-/aws-sign2-0.5.0.tgz#c57103f7a17fc037f02d7c2e64b602ea223f7d63"
    integrity sha1-xXED96F/wDfwLXwuZLYC6iI/fWM=
  
  balanced-match@^1.0.0:
    version "1.0.2"
    resolved "https://registry.yarnpkg.com/balanced-match/-/balanced-match-1.0.2.tgz#e83e3a7e3f300b34cb9d87f615fa0cbf357690ee"
    integrity sha512-3oSeUO0TMV67hN1AmbXsK4yaqU7tjiHlbxRDZOpH0KW9+CeX4bRAaX0Anxt0tx2MrpRpWwQaPwIlISEJhYU5Pw==
  
  batch@0.5.0:
    version "0.5.0"
    resolved "https://registry.yarnpkg.com/batch/-/batch-0.5.0.tgz#fd2e05a7a5d696b4db9314013e285d8ff3557ec3"
    integrity sha1-/S4Fp6XWlrTbkxQBPihdj/NVfsM=
  
  bindings@1.2.x:
    version "1.2.1"
    resolved "https://registry.yarnpkg.com/bindings/-/bindings-1.2.1.tgz#14ad6113812d2d37d72e67b4cacb4bb726505f11"
    integrity sha1-FK1hE4EtLTfXLme0ystLtyZQXxE=
  
  bl@^0.9.0:
    version "0.9.5"
    resolved "https://registry.yarnpkg.com/bl/-/bl-0.9.5.tgz#c06b797af085ea00bc527afc8efcf11de2232054"
    integrity sha1-wGt5evCF6gC8Unr8jvzxHeIjIFQ=
    dependencies:
      readable-stream "~1.0.26"
  
  boom@0.4.x:
    version "0.4.2"
    resolved "https://registry.yarnpkg.com/boom/-/boom-0.4.2.tgz#7a636e9ded4efcefb19cef4947a3c67dfaee911b"
    integrity sha1-emNune1O/O+xnO9JR6PGffrukRs=
    dependencies:
      hoek "0.9.x"
  
  brace-expansion@^1.1.7:
    version "1.1.11"
    resolved "https://registry.yarnpkg.com/brace-expansion/-/brace-expansion-1.1.11.tgz#3c7fcbf529d87226f3d2f52b966ff5271eb441dd"
    integrity sha512-iCuPHDFgrHX7H2vEI/5xpz07zSHB00TpugqhmYtVmMO6518mCuRMoOYFldEBl0g187ufozdaHgWKcYFb61qGiA==
    dependencies:
      balanced-match "^1.0.0"
      concat-map "0.0.1"
  
  buffer-crc32@0.2.1:
    version "0.2.1"
    resolved "https://registry.yarnpkg.com/buffer-crc32/-/buffer-crc32-0.2.1.tgz#be3e5382fc02b6d6324956ac1af98aa98b08534c"
    integrity sha1-vj5TgvwCttYySVasGvmKqYsIU0w=
  
  buffer-crc32@~0.2.1:
    version "0.2.13"
    resolved "https://registry.yarnpkg.com/buffer-crc32/-/buffer-crc32-0.2.13.tgz#0d333e3f00eac50aa1454abd30ef8c2a5d9a7242"
    integrity sha1-DTM+PwDqxQqhRUq9MO+MKl2ackI=
  
  bufferutil@1.1.x:
    version "1.1.0"
    resolved "https://registry.yarnpkg.com/bufferutil/-/bufferutil-1.1.0.tgz#3f96be77a7f8652ff69ef29f1cabc8b89f7fd972"
    integrity sha1-P5a+d6f4ZS/2nvKfHKvIuJ9/2XI=
    dependencies:
      bindings "1.2.x"
      nan "1.8.x"
  
  bytes@0.2.1, bytes@~0.2.1:
    version "0.2.1"
    resolved "https://registry.yarnpkg.com/bytes/-/bytes-0.2.1.tgz#555b08abcb063f8975905302523e4cd4ffdfdf31"
    integrity sha1-VVsIq8sGP4l1kFMCUj5M1P/f3zE=
  
  combined-stream@~0.0.4:
    version "0.0.7"
    resolved "https://registry.yarnpkg.com/combined-stream/-/combined-stream-0.0.7.tgz#0137e657baa5a7541c57ac37ac5fc07d73b4dc1f"
    integrity sha1-ATfmV7qlp1QcV6w3rF/AfXO03B8=
    dependencies:
      delayed-stream "0.0.5"
  
  commander@1.3.2:
    version "1.3.2"
    resolved "https://registry.yarnpkg.com/commander/-/commander-1.3.2.tgz#8a8f30ec670a6fdd64af52f1914b907d79ead5b5"
    integrity sha1-io8w7GcKb91kr1LxkUuQfXnq1bU=
    dependencies:
      keypress "0.1.x"
  
  compress-commons@~0.1.0:
    version "0.1.6"
    resolved "https://registry.yarnpkg.com/compress-commons/-/compress-commons-0.1.6.tgz#0c740870fde58cba516f0ac0c822e33a0b85dfa3"
    integrity sha1-DHQIcP3ljLpRbwrAyCLjOguF36M=
    dependencies:
      buffer-crc32 "~0.2.1"
      crc32-stream "~0.3.1"
      readable-stream "~1.0.26"
  
  concat-map@0.0.1:
    version "0.0.1"
    resolved "https://registry.yarnpkg.com/concat-map/-/concat-map-0.0.1.tgz#d8a96bd77fd68df7793a73036a3ba0d5405d477b"
    integrity sha1-2Klr13/Wjfd5OnMDajug1UBdR3s=
  
  connect@2.12.0:
    version "2.12.0"
    resolved "https://registry.yarnpkg.com/connect/-/connect-2.12.0.tgz#31d8fa0dcacdf1908d822bd2923be8a2d2a7ed9a"
    integrity sha1-Mdj6DcrN8ZCNgivSkjvootKn7Zo=
    dependencies:
      batch "0.5.0"
      buffer-crc32 "0.2.1"
      bytes "0.2.1"
      cookie "0.1.0"
      cookie-signature "1.0.1"
      debug ">= 0.7.3 < 1"
      fresh "0.2.0"
      methods "0.1.0"
      multiparty "2.2.0"
      negotiator "0.3.0"
      pause "0.0.1"
      qs "0.6.6"
      raw-body "1.1.2"
      send "0.1.4"
      uid2 "0.0.3"
  
  cookie-signature@1.0.1:
    version "1.0.1"
    resolved "https://registry.yarnpkg.com/cookie-signature/-/cookie-signature-1.0.1.tgz#44e072148af01e6e8e24afbf12690d68ae698ecb"
    integrity sha1-ROByFIrwHm6OJK+/EmkNaK5pjss=
  
  cookie@0.1.0:
    version "0.1.0"
    resolved "https://registry.yarnpkg.com/cookie/-/cookie-0.1.0.tgz#90eb469ddce905c866de687efc43131d8801f9d0"
    integrity sha1-kOtGndzpBchm3mh+/EMTHYgB+dA=
  
  core-util-is@~1.0.0:
    version "1.0.2"
    resolved "https://registry.yarnpkg.com/core-util-is/-/core-util-is-1.0.2.tgz#b5fd54220aa2bc5ab57aab7140c940754503c1a7"
    integrity sha1-tf1UIgqivFq1eqtxQMlAdUUDwac=
  
  crc32-stream@~0.3.1:
    version "0.3.4"
    resolved "https://registry.yarnpkg.com/crc32-stream/-/crc32-stream-0.3.4.tgz#73bc25b45fac1db6632231a7bfce8927e9f06552"
    integrity sha1-c7wltF+sHbZjIjGnv86JJ+nwZVI=
    dependencies:
      buffer-crc32 "~0.2.1"
      readable-stream "~1.0.24"
  
  cryptiles@0.2.x:
    version "0.2.2"
    resolved "https://registry.yarnpkg.com/cryptiles/-/cryptiles-0.2.2.tgz#ed91ff1f17ad13d3748288594f8a48a0d26f325c"
    integrity sha1-7ZH/HxetE9N0gohZT4pIoNJvMlw=
    dependencies:
      boom "0.4.x"
  
  ctype@0.5.3:
    version "0.5.3"
    resolved "https://registry.yarnpkg.com/ctype/-/ctype-0.5.3.tgz#82c18c2461f74114ef16c135224ad0b9144ca12f"
    integrity sha1-gsGMJGH3QRTvFsE1IkrQuRRMoS8=
  
  debug@*:
    version "4.3.2"
    resolved "https://registry.yarnpkg.com/debug/-/debug-4.3.2.tgz#f0a49c18ac8779e31d4a0c6029dfb76873c7428b"
    integrity sha512-mOp8wKcvj7XxC78zLgw/ZA+6TSgkoE2C/ienthhRD298T7UNwAg9diBpLRxC0mOezLl4B0xV7M0cCO6P/O0Xhw==
    dependencies:
      ms "2.1.2"
  
  "debug@>= 0.7.3 < 1":
    version "0.8.1"
    resolved "https://registry.yarnpkg.com/debug/-/debug-0.8.1.tgz#20ff4d26f5e422cb68a1bacbbb61039ad8c1c130"
    integrity sha1-IP9NJvXkIstoobrLu2EDmtjBwTA=
  
  delayed-stream@0.0.5:
    version "0.0.5"
    resolved "https://registry.yarnpkg.com/delayed-stream/-/delayed-stream-0.0.5.tgz#d4b1f43a93e8296dfe02694f4680bc37a313c73f"
    integrity sha1-1LH0OpPoKW3+AmlPRoC8N6MTxz8=
  
  end-of-stream@^1.0.0:
    version "1.4.4"
    resolved "https://registry.yarnpkg.com/end-of-stream/-/end-of-stream-1.4.4.tgz#5ae64a5f45057baf3626ec14da0ca5e4b2431eb0"
    integrity sha512-+uw1inIHVPQoaVuHzRyXd21icM+cnt4CzD5rW+NC1wjOUSTOs+Te7FOv7AhN7vS9x/oIyhLP5PR1H+phQAHu5Q==
    dependencies:
      once "^1.4.0"
  
  exit@^0.1.2:
    version "0.1.2"
    resolved "https://registry.yarnpkg.com/exit/-/exit-0.1.2.tgz#0632638f8d877cc82107d30a0fff1a17cba1cd0c"
    integrity sha1-BjJjj42HfMghB9MKD/8aF8uhzQw=
  
  express@~3.4.0:
    version "3.4.8"
    resolved "https://registry.yarnpkg.com/express/-/express-3.4.8.tgz#aa7a8986de07053337f4bc5ed9a6453d9cc8e2e1"
    integrity sha1-qnqJht4HBTM39Lxe2aZFPZzI4uE=
    dependencies:
      buffer-crc32 "0.2.1"
      commander "1.3.2"
      connect "2.12.0"
      cookie "0.1.0"
      cookie-signature "1.0.1"
      debug ">= 0.7.3 < 1"
      fresh "0.2.0"
      merge-descriptors "0.0.1"
      methods "0.1.0"
      mkdirp "0.3.5"
      range-parser "0.0.4"
      send "0.1.4"
  
  firefox-profile@0.3.4:
    version "0.3.4"
    resolved "https://registry.yarnpkg.com/firefox-profile/-/firefox-profile-0.3.4.tgz#e4e3c082509d30f94cf54d0e173fb3fa5fa18fec"
    integrity sha1-5OPAglCdMPlM9U0OFz+z+l+hj+w=
    dependencies:
      adm-zip "~0.4.x"
      archiver "~0.11"
      async "~0.9.0"
      fs-extra "~0.11.x"
      ini "~1.2.1"
      jetpack-id "0.0.4"
      lazystream "~0.1.0"
      lodash "~2.4.1"
      node-uuid "~1.4.1"
      wrench "~1.5.1"
      xml2js "~0.4.0"
  
  forever-agent@~0.5.0:
    version "0.5.2"
    resolved "https://registry.yarnpkg.com/forever-agent/-/forever-agent-0.5.2.tgz#6d0e09c4921f94a27f63d3b49c5feff1ea4c5130"
    integrity sha1-bQ4JxJIflKJ/Y9O0nF/v8epMUTA=
  
  form-data@~0.1.0:
    version "0.1.4"
    resolved "https://registry.yarnpkg.com/form-data/-/form-data-0.1.4.tgz#91abd788aba9702b1aabfa8bc01031a2ac9e3b12"
    integrity sha1-kavXiKupcCsaq/qLwBAxoqyeOxI=
    dependencies:
      async "~0.9.0"
      combined-stream "~0.0.4"
      mime "~1.2.11"
  
  fresh@0.2.0:
    version "0.2.0"
    resolved "https://registry.yarnpkg.com/fresh/-/fresh-0.2.0.tgz#bfd9402cf3df12c4a4c310c79f99a3dde13d34a7"
    integrity sha1-v9lALPPfEsSkwxDHn5mj3eE9NKc=
  
  fs-extra@~0.11.x:
    version "0.11.1"
    resolved "https://registry.yarnpkg.com/fs-extra/-/fs-extra-0.11.1.tgz#df104f94cc841eef8fafe2a446c88f5d35bb2e79"
    integrity sha1-3xBPlMyEHu+Pr+KkRsiPXTW7Lnk=
    dependencies:
      jsonfile "^2.0.0"
      mkdirp "^0.5.0"
      ncp "^0.6.0"
      rimraf "^2.2.8"
  
  fs.realpath@^1.0.0:
    version "1.0.0"
    resolved "https://registry.yarnpkg.com/fs.realpath/-/fs.realpath-1.0.0.tgz#1504ad2523158caa40db4a2787cb01411994ea4f"
    integrity sha1-FQStJSMVjKpA20onh8sBQRmU6k8=
  
  glob@^3.2.11, glob@~3.2, glob@~3.2.6:
    version "3.2.11"
    resolved "https://registry.yarnpkg.com/glob/-/glob-3.2.11.tgz#4a973f635b9190f715d10987d5c00fd2815ebe3d"
    integrity sha1-Spc/Y1uRkPcV0QmH1cAP0oFevj0=
    dependencies:
      inherits "2"
      minimatch "0.3"
  
  glob@^7.1.3:
    version "7.1.7"
    resolved "https://registry.yarnpkg.com/glob/-/glob-7.1.7.tgz#3b193e9233f01d42d0b3f78294bbeeb418f94a90"
    integrity sha512-OvD9ENzPLbegENnYP5UUfJIirTg4+XwMWGaQfQTY0JenxNvvIKP3U3/tAQSPIu/lHxXYSZmpXlUHeqAIdKzBLQ==
    dependencies:
      fs.realpath "^1.0.0"
      inflight "^1.0.4"
      inherits "2"
      minimatch "^3.0.4"
      once "^1.3.0"
      path-is-absolute "^1.0.0"
  
  graceful-fs@^4.1.6:
    version "4.2.6"
    resolved "https://registry.yarnpkg.com/graceful-fs/-/graceful-fs-4.2.6.tgz#ff040b2b0853b23c3d31027523706f1885d76bee"
    integrity sha512-nTnJ528pbqxYanhpDYsi4Rd8MAeaBA67+RZ10CM1m3bTAVFEDcd5AuA4a6W5YkGZ1iNXHzZz8T6TBKLeBuNriQ==
  
  hawk@~1.0.0:
    version "1.0.0"
    resolved "https://registry.yarnpkg.com/hawk/-/hawk-1.0.0.tgz#b90bb169807285411da7ffcb8dd2598502d3b52d"
    integrity sha1-uQuxaYByhUEdp//LjdJZhQLTtS0=
    dependencies:
      boom "0.4.x"
      cryptiles "0.2.x"
      hoek "0.9.x"
      sntp "0.2.x"
  
  hoek@0.9.x:
    version "0.9.1"
    resolved "https://registry.yarnpkg.com/hoek/-/hoek-0.9.1.tgz#3d322462badf07716ea7eb85baf88079cddce505"
    integrity sha1-PTIkYrrfB3Fup+uFuviAec3c5QU=
  
  html-entities@~1.1.1:
    version "1.1.3"
    resolved "https://registry.yarnpkg.com/html-entities/-/html-entities-1.1.3.tgz#7e3b47640f5ea69b097ae8bbbe7cb8ca941d85bd"
    integrity sha1-fjtHZA9eppsJeui7vny4ypQdhb0=
  
  http-signature@~0.10.0:
    version "0.10.1"
    resolved "https://registry.yarnpkg.com/http-signature/-/http-signature-0.10.1.tgz#4fbdac132559aa8323121e540779c0a012b27e66"
    integrity sha1-T72sEyVZqoMjEh5UB3nAoBKyfmY=
    dependencies:
      asn1 "0.1.11"
      assert-plus "^0.1.5"
      ctype "0.5.3"
  
  inflight@^1.0.4:
    version "1.0.6"
    resolved "https://registry.yarnpkg.com/inflight/-/inflight-1.0.6.tgz#49bd6331d7d02d0c09bc910a1075ba8165b56df9"
    integrity sha1-Sb1jMdfQLQwJvJEKEHW6gWW1bfk=
    dependencies:
      once "^1.3.0"
      wrappy "1"
  
  inherits@2, inherits@~2.0.1:
    version "2.0.4"
    resolved "https://registry.yarnpkg.com/inherits/-/inherits-2.0.4.tgz#0fa2c64f932917c3433a0ded55363aae37416b7c"
    integrity sha512-k/vGaX4/Yla3WzyMCvTQOXYeIHvqOKtnqBduzTHpzpQZzAskKMhZ2K+EnBiSM9zGSoIFeMpXKxa4dYeZIQqewQ==
  
  ini@~1.2.1:
    version "1.2.1"
    resolved "https://registry.yarnpkg.com/ini/-/ini-1.2.1.tgz#7f774e2f22752cd1dacbf9c63323df2a164ebca3"
    integrity sha1-f3dOLyJ1LNHay/nGMyPfKhZOvKM=
  
  isarray@0.0.1:
    version "0.0.1"
    resolved "https://registry.yarnpkg.com/isarray/-/isarray-0.0.1.tgz#8a18acfca9a8f4177e09abfc6038939b05d1eedf"
    integrity sha1-ihis/Kmo9Bd+Cav8YDiTmwXR7t8=
  
  jasmine-core@~2.3.0:
    version "2.3.4"
    resolved "https://registry.yarnpkg.com/jasmine-core/-/jasmine-core-2.3.4.tgz#ad772662b32d16c564ee25c863edae1d65a038f2"
    integrity sha1-rXcmYrMtFsVk7iXIY+2uHWWgOPI=
  
  jasmine@2.3.1:
    version "2.3.1"
    resolved "https://registry.yarnpkg.com/jasmine/-/jasmine-2.3.1.tgz#4b2a4923d9c0472f6f66d38a11cca0c6d6070bda"
    integrity sha1-SypJI9nARy9vZtOKEcygxtYHC9o=
    dependencies:
      exit "^0.1.2"
      glob "^3.2.11"
      jasmine-core "~2.3.0"
  
  jasminewd2@0.0.5:
    version "0.0.5"
    resolved "https://registry.yarnpkg.com/jasminewd2/-/jasminewd2-0.0.5.tgz#528609a124dfc688c1e3f434a638e047066cd63e"
    integrity sha1-UoYJoSTfxojB4/Q0pjjgRwZs1j4=
  
  jasminewd@1.1.0:
    version "1.1.0"
    resolved "https://registry.yarnpkg.com/jasminewd/-/jasminewd-1.1.0.tgz#25751a6845ef2fb424c2fa39647987ae156fd433"
    integrity sha1-JXUaaEXvL7Qkwvo5ZHmHrhVv1DM=
  
  jetpack-id@0.0.4:
    version "0.0.4"
    resolved "https://registry.yarnpkg.com/jetpack-id/-/jetpack-id-0.0.4.tgz#6fc35a394a4aea190820a2ce7f23d2bb53512a9b"
    integrity sha1-b8NaOUpK6hkIIKLOfyPSu1NRKps=
  
  json-stringify-safe@~5.0.0:
    version "5.0.1"
    resolved "https://registry.yarnpkg.com/json-stringify-safe/-/json-stringify-safe-5.0.1.tgz#1296a2d58fd45f19a0f6ce01d65701e2c735b6eb"
    integrity sha1-Epai1Y/UXxmg9s4B1lcB4sc1tus=
  
  jsonfile@^2.0.0:
    version "2.4.0"
    resolved "https://registry.yarnpkg.com/jsonfile/-/jsonfile-2.4.0.tgz#3736a2b428b87bbda0cc83b53fa3d633a35c2ae8"
    integrity sha1-NzaitCi4e72gzIO1P6PWM6NcKug=
    optionalDependencies:
      graceful-fs "^4.1.6"
  
  keypress@0.1.x:
    version "0.1.0"
    resolved "https://registry.yarnpkg.com/keypress/-/keypress-0.1.0.tgz#4a3188d4291b66b4f65edb99f806aa9ae293592a"
    integrity sha1-SjGI1CkbZrT2XtuZ+AaqmuKTWSo=
  
  lazystream@~0.1.0:
    version "0.1.0"
    resolved "https://registry.yarnpkg.com/lazystream/-/lazystream-0.1.0.tgz#1b25d63c772a4c20f0a5ed0a9d77f484b6e16920"
    integrity sha1-GyXWPHcqTCDwpe0KnXf0hLbhaSA=
    dependencies:
      readable-stream "~1.0.2"
  
  lodash@~2.4.1:
    version "2.4.2"
    resolved "https://registry.yarnpkg.com/lodash/-/lodash-2.4.2.tgz#fadd834b9683073da179b3eae6d9c0d15053f73e"
    integrity sha1-+t2DS5aDBz2hebPq5tnA0VBT9z4=
  
  lru-cache@2:
    version "2.7.3"
    resolved "https://registry.yarnpkg.com/lru-cache/-/lru-cache-2.7.3.tgz#6d4524e8b955f95d4f5b58851ce21dd72fb4e952"
    integrity sha1-bUUk6LlV+V1PW1iFHOId1y+06VI=
  
  merge-descriptors@0.0.1:
    version "0.0.1"
    resolved "https://registry.yarnpkg.com/merge-descriptors/-/merge-descriptors-0.0.1.tgz#2ff0980c924cf81d0b5d1fb601177cb8bb56c0d0"
    integrity sha1-L/CYDJJM+B0LXR+2ARd8uLtWwNA=
  
  methods@0.1.0:
    version "0.1.0"
    resolved "https://registry.yarnpkg.com/methods/-/methods-0.1.0.tgz#335d429eefd21b7bacf2e9c922a8d2bd14a30e4f"
    integrity sha1-M11Cnu/SG3us8unJIqjSvRSjDk8=
  
  mime@~1.2.11, mime@~1.2.9:
    version "1.2.11"
    resolved "https://registry.yarnpkg.com/mime/-/mime-1.2.11.tgz#58203eed86e3a5ef17aed2b7d9ebd47f0a60dd10"
    integrity sha1-WCA+7Ybjpe8XrtK32evUfwpg3RA=
  
  minijasminenode@1.1.1:
    version "1.1.1"
    resolved "https://registry.yarnpkg.com/minijasminenode/-/minijasminenode-1.1.1.tgz#7f9637d66428a531c05f4f10b69a311b5dfb60e9"
    integrity sha1-f5Y31mQopTHAX08QtpoxG137YOk=
  
  minimatch@0.3:
    version "0.3.0"
    resolved "https://registry.yarnpkg.com/minimatch/-/minimatch-0.3.0.tgz#275d8edaac4f1bb3326472089e7949c8394699dd"
    integrity sha1-J12O2qxPG7MyZHIInnlJyDlGmd0=
    dependencies:
      lru-cache "2"
      sigmund "~1.0.0"
  
  minimatch@^3.0.4:
    version "3.0.4"
    resolved "https://registry.yarnpkg.com/minimatch/-/minimatch-3.0.4.tgz#5166e286457f03306064be5497e8dbb0c3d32083"
    integrity sha512-yJHVQEhyqPLUTgt9B83PXu6W3rx4MvvHvSUvToogpwoGDOUQ+yDrR0HRot+yOCdCO7u4hX3pWft6kWBBcqh0UA==
    dependencies:
      brace-expansion "^1.1.7"
  
  minimist@^1.2.5:
    version "1.2.5"
    resolved "https://registry.yarnpkg.com/minimist/-/minimist-1.2.5.tgz#67d66014b66a6a8aaa0c083c5fd58df4e4e97602"
    integrity sha512-FM9nNUYrRBAELZQT3xeZQ7fmMOBg6nWNmJKTcgsJeaLstP/UODVpGsr5OhXhhXg6f+qtJ8uiZ+PUxkDWcgIXLw==
  
  minimist@~0.0.1:
    version "0.0.10"
    resolved "https://registry.yarnpkg.com/minimist/-/minimist-0.0.10.tgz#de3f98543dbf96082be48ad1a0c7cda836301dcf"
    integrity sha1-3j+YVD2/lggr5IrRoMfNqDYwHc8=
  
  mkdirp@0.3.5, mkdirp@~0.3.5:
    version "0.3.5"
    resolved "https://registry.yarnpkg.com/mkdirp/-/mkdirp-0.3.5.tgz#de3e5f8961c88c787ee1368df849ac4413eca8d7"
    integrity sha1-3j5fiWHIjHh+4TaN+EmsRBPsqNc=
  
  mkdirp@^0.5.0:
    version "0.5.5"
    resolved "https://registry.yarnpkg.com/mkdirp/-/mkdirp-0.5.5.tgz#d91cefd62d1436ca0f41620e251288d420099def"
    integrity sha512-NKmAlESf6jMGym1++R0Ra7wvhV+wFW63FaSOFPwRahvea0gMUcGUhVeAg/0BC0wiv9ih5NYPB1Wn1UEI1/L+xQ==
    dependencies:
      minimist "^1.2.5"
  
  ms@2.1.2:
    version "2.1.2"
    resolved "https://registry.yarnpkg.com/ms/-/ms-2.1.2.tgz#d09d1f357b443f493382a8eb3ccd183872ae6009"
    integrity sha512-sGkPx+VjMtmA6MX27oA4FBFELFCZZ4S4XqeGOXCv68tT+jb3vk/RyaKWP0PTKyWtmLSM0b+adUTEvbs1PEaH2w==
  
  multiparty@2.2.0:
    version "2.2.0"
    resolved "https://registry.yarnpkg.com/multiparty/-/multiparty-2.2.0.tgz#a567c2af000ad22dc8f2a653d91978ae1f5316f4"
    integrity sha1-pWfCrwAK0i3I8qZT2Rl4rh9TFvQ=
    dependencies:
      readable-stream "~1.1.9"
      stream-counter "~0.2.0"
  
  nan@1.8.x:
    version "1.8.4"
    resolved "https://registry.yarnpkg.com/nan/-/nan-1.8.4.tgz#3c76b5382eab33e44b758d2813ca9d92e9342f34"
    integrity sha1-PHa1OC6rM+RLdY0oE8qdkuk0LzQ=
  
  ncp@^0.6.0:
    version "0.6.0"
    resolved "https://registry.yarnpkg.com/ncp/-/ncp-0.6.0.tgz#df8ce021e262be21b52feb3d3e5cfaab12491f0d"
    integrity sha1-34zgIeJiviG1L+s9Plz6qxJJHw0=
  
  negotiator@0.3.0:
    version "0.3.0"
    resolved "https://registry.yarnpkg.com/negotiator/-/negotiator-0.3.0.tgz#706d692efeddf574d57ea9fb1ab89a4fa7ee8f60"
    integrity sha1-cG1pLv7d9XTVfqn7GriaT6fuj2A=
  
  node-uuid@~1.4.0, node-uuid@~1.4.1:
    version "1.4.8"
    resolved "https://registry.yarnpkg.com/node-uuid/-/node-uuid-1.4.8.tgz#b040eb0923968afabf8d32fb1f17f1167fdab907"
    integrity sha1-sEDrCSOWivq/jTL7HxfxFn/auQc=
  
  oauth-sign@~0.3.0:
    version "0.3.0"
    resolved "https://registry.yarnpkg.com/oauth-sign/-/oauth-sign-0.3.0.tgz#cb540f93bb2b22a7d5941691a288d60e8ea9386e"
    integrity sha1-y1QPk7srIqfVlBaRoojWDo6pOG4=
  
  once@^1.3.0, once@^1.4.0:
    version "1.4.0"
    resolved "https://registry.yarnpkg.com/once/-/once-1.4.0.tgz#583b1aa775961d4b113ac17d9c50baef9dd76bd1"
    integrity sha1-WDsap3WWHUsROsF9nFC6753Xa9E=
    dependencies:
      wrappy "1"
  
  optimist@~0.6.0:
    version "0.6.1"
    resolved "https://registry.yarnpkg.com/optimist/-/optimist-0.6.1.tgz#da3ea74686fa21a19a111c326e90eb15a0196686"
    integrity sha1-2j6nRob6IaGaERwybpDrFaAZZoY=
    dependencies:
      minimist "~0.0.1"
      wordwrap "~0.0.2"
  
  options@>=0.0.5:
    version "0.0.6"
    resolved "https://registry.yarnpkg.com/options/-/options-0.0.6.tgz#ec22d312806bb53e731773e7cdaefcf1c643128f"
    integrity sha1-7CLTEoBrtT5zF3Pnza788cZDEo8=
  
  path-is-absolute@^1.0.0:
    version "1.0.1"
    resolved "https://registry.yarnpkg.com/path-is-absolute/-/path-is-absolute-1.0.1.tgz#174b9268735534ffbc7ace6bf53a5a9e1b5c5f5f"
    integrity sha1-F0uSaHNVNP+8es5r9TpanhtcX18=
  
  pause@0.0.1:
    version "0.0.1"
    resolved "https://registry.yarnpkg.com/pause/-/pause-0.0.1.tgz#1d408b3fdb76923b9543d96fb4c9dfd535d9cb5d"
    integrity sha1-HUCLP9t2kjuVQ9lvtMnf1TXZy10=
  
  protractor@2.1.0:
    version "2.1.0"
    resolved "https://registry.yarnpkg.com/protractor/-/protractor-2.1.0.tgz#f876ac7604826eaeda39b5e49b5fb7f487067c3f"
    integrity sha1-+HasdgSCbq7aObXkm1+39IcGfD8=
    dependencies:
      accessibility-developer-tools "~2.6.0"
      adm-zip "0.4.4"
      glob "~3.2"
      html-entities "~1.1.1"
      jasmine "2.3.1"
      jasminewd "1.1.0"
      jasminewd2 "0.0.5"
      lodash "~2.4.1"
      minijasminenode "1.1.1"
      optimist "~0.6.0"
      q "1.0.0"
      request "~2.36.0"
      saucelabs "~0.1.0"
      selenium-webdriver "2.45.1"
      source-map-support "~0.2.6"
  
  psl@^1.1.33:
    version "1.8.0"
    resolved "https://registry.yarnpkg.com/psl/-/psl-1.8.0.tgz#9326f8bcfb013adcc005fdff056acce020e51c24"
    integrity sha512-RIdOzyoavK+hA18OGGWDqUTsCLhtA7IcZ/6NCs4fFJaHBDab+pDDmDIByWFRQJq2Cd7r1OoQxBGKOaztq+hjIQ==
  
  punycode@^2.1.1:
    version "2.1.1"
    resolved "https://registry.yarnpkg.com/punycode/-/punycode-2.1.1.tgz#b58b010ac40c22c5657616c8d2c2c02c7bf479ec"
    integrity sha512-XRsRjdf+j5ml+y/6GKHPZbrF/8p2Yga0JPtdqTIY2Xe5ohJPD9saDJJLPvp9+NSBprVvevdXZybnj2cv8OEd0A==
  
  q@1.0.0:
    version "1.0.0"
    resolved "https://registry.yarnpkg.com/q/-/q-1.0.0.tgz#dc1f92c4587be54f7853b29dc28e6d243a88498d"
    integrity sha1-3B+SxFh75U94U7Kdwo5tJDqISY0=
  
  qs@0.6.6, qs@~0.6.0:
    version "0.6.6"
    resolved "https://registry.yarnpkg.com/qs/-/qs-0.6.6.tgz#6e015098ff51968b8a3c819001d5f2c89bc4b107"
    integrity sha1-bgFQmP9RlouKPIGQAdXyyJvEsQc=
  
  range-parser@0.0.4:
    version "0.0.4"
    resolved "https://registry.yarnpkg.com/range-parser/-/range-parser-0.0.4.tgz#c0427ffef51c10acba0782a46c9602e744ff620b"
    integrity sha1-wEJ//vUcEKy6B4KkbJYC50T/Ygs=
  
  raw-body@1.1.2:
    version "1.1.2"
    resolved "https://registry.yarnpkg.com/raw-body/-/raw-body-1.1.2.tgz#c74b3004dea5defd1696171106ac740ec31d62be"
    integrity sha1-x0swBN6l3v0WlhcRBqx0DsMdYr4=
    dependencies:
      bytes "~0.2.1"
  
  readable-stream@^1.0.27-1, readable-stream@~1.1.8, readable-stream@~1.1.9:
    version "1.1.14"
    resolved "https://registry.yarnpkg.com/readable-stream/-/readable-stream-1.1.14.tgz#7cf4c54ef648e3813084c636dd2079e166c081d9"
    integrity sha1-fPTFTvZI44EwhMY23SB54WbAgdk=
    dependencies:
      core-util-is "~1.0.0"
      inherits "~2.0.1"
      isarray "0.0.1"
      string_decoder "~0.10.x"
  
  readable-stream@~1.0.2, readable-stream@~1.0.24, readable-stream@~1.0.26:
    version "1.0.34"
    resolved "https://registry.yarnpkg.com/readable-stream/-/readable-stream-1.0.34.tgz#125820e34bc842d2f2aaafafe4c2916ee32c157c"
    integrity sha1-Elgg40vIQtLyqq+v5MKRbuMsFXw=
    dependencies:
      core-util-is "~1.0.0"
      inherits "~2.0.1"
      isarray "0.0.1"
      string_decoder "~0.10.x"
  
  request@~2.36.0:
    version "2.36.0"
    resolved "https://registry.yarnpkg.com/request/-/request-2.36.0.tgz#28c6c04262c7b9ffdd21b9255374517ee6d943f5"
    integrity sha1-KMbAQmLHuf/dIbklU3RRfubZQ/U=
    dependencies:
      forever-agent "~0.5.0"
      json-stringify-safe "~5.0.0"
      mime "~1.2.9"
      node-uuid "~1.4.0"
      qs "~0.6.0"
    optionalDependencies:
      aws-sign2 "~0.5.0"
      form-data "~0.1.0"
      hawk "~1.0.0"
      http-signature "~0.10.0"
      oauth-sign "~0.3.0"
      tough-cookie ">=0.12.0"
      tunnel-agent "~0.4.0"
  
  rimraf@^2.2.8:
    version "2.7.1"
    resolved "https://registry.yarnpkg.com/rimraf/-/rimraf-2.7.1.tgz#35797f13a7fdadc566142c29d4f07ccad483e3ec"
    integrity sha512-uWjbaKIK3T1OSVptzX7Nl6PvQ3qAGtKEtVRjRuazjfL3Bx5eI409VZSqgND+4UNnmzLVdPj9FqFJNPqBZFve4w==
    dependencies:
      glob "^7.1.3"
  
  saucelabs@~0.1.0:
    version "0.1.1"
    resolved "https://registry.yarnpkg.com/saucelabs/-/saucelabs-0.1.1.tgz#5e0ea1cf3d735d6ea15fde94b5bda6bc15d2c06d"
    integrity sha1-Xg6hzz1zXW6hX96Utb2mvBXSwG0=
  
  sax@0.6.x:
    version "0.6.1"
    resolved "https://registry.yarnpkg.com/sax/-/sax-0.6.1.tgz#563b19c7c1de892e09bfc4f2fc30e3c27f0952b9"
    integrity sha1-VjsZx8HeiS4Jv8Ty/DDjwn8JUrk=
  
  sax@>=0.6.0:
    version "1.2.4"
    resolved "https://registry.yarnpkg.com/sax/-/sax-1.2.4.tgz#2816234e2378bddc4e5354fab5caa895df7100d9"
    integrity sha512-NqVDv9TpANUjFm0N8uM5GxL36UgKi9/atZw+x7YFnQ8ckwFGKrl4xX4yWtrey3UJm5nP1kUbnYgLopqWNSRhWw==
  
  selenium-webdriver@2.45.1:
    version "2.45.1"
    resolved "https://registry.yarnpkg.com/selenium-webdriver/-/selenium-webdriver-2.45.1.tgz#6fc6a8ce385085a7b670edd36a379b2eddadf2c9"
    integrity sha1-b8aozjhQhae2cO3TajebLt2t8sk=
    dependencies:
      adm-zip "0.4.4"
      rimraf "^2.2.8"
      tmp "0.0.24"
      ws "^0.7.1"
      xml2js "0.4.4"
  
  send@0.1.4:
    version "0.1.4"
    resolved "https://registry.yarnpkg.com/send/-/send-0.1.4.tgz#be70d8d1be01de61821af13780b50345a4f71abd"
    integrity sha1-vnDY0b4B3mGCGvE3gLUDRaT3Gr0=
    dependencies:
      debug "*"
      fresh "0.2.0"
      mime "~1.2.9"
      range-parser "0.0.4"
  
  sigmund@~1.0.0:
    version "1.0.1"
    resolved "https://registry.yarnpkg.com/sigmund/-/sigmund-1.0.1.tgz#3ff21f198cad2175f9f3b781853fd94d0d19b590"
    integrity sha1-P/IfGYytIXX587eBhT/ZTQ0ZtZA=
  
  sntp@0.2.x:
    version "0.2.4"
    resolved "https://registry.yarnpkg.com/sntp/-/sntp-0.2.4.tgz#fb885f18b0f3aad189f824862536bceeec750900"
    integrity sha1-+4hfGLDzqtGJ+CSGJTa87ux1CQA=
    dependencies:
      hoek "0.9.x"
  
  source-map-support@~0.2.6:
    version "0.2.10"
    resolved "https://registry.yarnpkg.com/source-map-support/-/source-map-support-0.2.10.tgz#ea5a3900a1c1cb25096a0ae8cc5c2b4b10ded3dc"
    integrity sha1-6lo5AKHByyUJagrozFwrSxDe09w=
    dependencies:
      source-map "0.1.32"
  
  source-map@0.1.32:
    version "0.1.32"
    resolved "https://registry.yarnpkg.com/source-map/-/source-map-0.1.32.tgz#c8b6c167797ba4740a8ea33252162ff08591b266"
    integrity sha1-yLbBZ3l7pHQKjqMyUhYv8IWRsmY=
    dependencies:
      amdefine ">=0.0.4"
  
  stream-counter@~0.2.0:
    version "0.2.0"
    resolved "https://registry.yarnpkg.com/stream-counter/-/stream-counter-0.2.0.tgz#ded266556319c8b0e222812b9cf3b26fa7d947de"
    integrity sha1-3tJmVWMZyLDiIoErnPOyb6fZR94=
    dependencies:
      readable-stream "~1.1.8"
  
  string_decoder@~0.10.x:
    version "0.10.31"
    resolved "https://registry.yarnpkg.com/string_decoder/-/string_decoder-0.10.31.tgz#62e203bc41766c6c28c9fc84301dab1c5310fa94"
    integrity sha1-YuIDvEF2bGwoyfyEMB2rHFMQ+pQ=
  
  tar-stream@~0.4.0:
    version "0.4.7"
    resolved "https://registry.yarnpkg.com/tar-stream/-/tar-stream-0.4.7.tgz#1f1d2ce9ebc7b42765243ca0e8f1b7bfda0aadcd"
    integrity sha1-Hx0s6evHtCdlJDyg6PG3v9oKrc0=
    dependencies:
      bl "^0.9.0"
      end-of-stream "^1.0.0"
      readable-stream "^1.0.27-1"
      xtend "^4.0.0"
  
  tmp@0.0.24:
    version "0.0.24"
    resolved "https://registry.yarnpkg.com/tmp/-/tmp-0.0.24.tgz#d6a5e198d14a9835cc6f2d7c3d9e302428c8cf12"
    integrity sha1-1qXhmNFKmDXMby18PZ4wJCjIzxI=
  
  tough-cookie@>=0.12.0:
    version "4.0.0"
    resolved "https://registry.yarnpkg.com/tough-cookie/-/tough-cookie-4.0.0.tgz#d822234eeca882f991f0f908824ad2622ddbece4"
    integrity sha512-tHdtEpQCMrc1YLrMaqXXcj6AxhYi/xgit6mZu1+EDWUn+qhUf8wMQoFIy9NXuq23zAwtcB0t/MjACGR18pcRbg==
    dependencies:
      psl "^1.1.33"
      punycode "^2.1.1"
      universalify "^0.1.2"
  
  tunnel-agent@~0.4.0:
    version "0.4.3"
    resolved "https://registry.yarnpkg.com/tunnel-agent/-/tunnel-agent-0.4.3.tgz#6373db76909fe570e08d73583365ed828a74eeeb"
    integrity sha1-Y3PbdpCf5XDgjXNYM2Xtgop07us=
  
  uid2@0.0.3:
    version "0.0.3"
    resolved "https://registry.yarnpkg.com/uid2/-/uid2-0.0.3.tgz#483126e11774df2f71b8b639dcd799c376162b82"
    integrity sha1-SDEm4Rd03y9xuLY53NeZw3YWK4I=
  
  ultron@1.0.x:
    version "1.0.2"
    resolved "https://registry.yarnpkg.com/ultron/-/ultron-1.0.2.tgz#ace116ab557cd197386a4e88f4685378c8b2e4fa"
    integrity sha1-rOEWq1V80Zc4ak6I9GhTeMiy5Po=
  
  universalify@^0.1.2:
    version "0.1.2"
    resolved "https://registry.yarnpkg.com/universalify/-/universalify-0.1.2.tgz#b646f69be3942dabcecc9d6639c80dc105efaa66"
    integrity sha512-rBJeI5CXAlmy1pV+617WB9J63U6XcazHHF2f2dbJix4XzpUF0RS3Zbj0FGIOCAva5P/d/GBOYaACQ1w+0azUkg==
  
  utf-8-validate@1.1.x:
    version "1.1.0"
    resolved "https://registry.yarnpkg.com/utf-8-validate/-/utf-8-validate-1.1.0.tgz#521a6bb2189d0b307ddc5b79c3c95a5fd8085db4"
    integrity sha1-UhprshidCzB93Ft5w8laX9gIXbQ=
    dependencies:
      bindings "1.2.x"
      nan "1.8.x"
  
  wordwrap@~0.0.2:
    version "0.0.3"
    resolved "https://registry.yarnpkg.com/wordwrap/-/wordwrap-0.0.3.tgz#a3d5da6cd5c0bc0008d37234bbaf1bed63059107"
    integrity sha1-o9XabNXAvAAI03I0u68b7WMFkQc=
  
  wrappy@1:
    version "1.0.2"
    resolved "https://registry.yarnpkg.com/wrappy/-/wrappy-1.0.2.tgz#b5243d8f3ec1aa35f1364605bc0d1036e30ab69f"
    integrity sha1-tSQ9jz7BqjXxNkYFvA0QNuMKtp8=
  
  wrench@~1.5.1:
    version "1.5.9"
    resolved "https://registry.yarnpkg.com/wrench/-/wrench-1.5.9.tgz#411691c63a9b2531b1700267279bdeca23b2142a"
    integrity sha1-QRaRxjqbJTGxcAJnJ5veyiOyFCo=
  
  ws@^0.7.1:
    version "0.7.2"
    resolved "https://registry.yarnpkg.com/ws/-/ws-0.7.2.tgz#438c560bdfa2b7da3dd5b6b46ed61325c24699d8"
    integrity sha1-Q4xWC9+it9o91ba0btYTJcJGmdg=
    dependencies:
      options ">=0.0.5"
      ultron "1.0.x"
    optionalDependencies:
      bufferutil "1.1.x"
      utf-8-validate "1.1.x"
  
  xml2js@0.4.4:
    version "0.4.4"
    resolved "https://registry.yarnpkg.com/xml2js/-/xml2js-0.4.4.tgz#3111010003008ae19240eba17497b57c729c555d"
    integrity sha1-MREBAAMAiuGSQOuhdJe1fHKcVV0=
    dependencies:
      sax "0.6.x"
      xmlbuilder ">=1.0.0"
  
  xml2js@~0.4.0:
    version "0.4.23"
    resolved "https://registry.yarnpkg.com/xml2js/-/xml2js-0.4.23.tgz#a0c69516752421eb2ac758ee4d4ccf58843eac66"
    integrity sha512-ySPiMjM0+pLDftHgXY4By0uswI3SPKLDw/i3UXbnO8M/p28zqexCUoPmQFrYD+/1BzhGJSs2i1ERWKJAtiLrug==
    dependencies:
      sax ">=0.6.0"
      xmlbuilder "~11.0.0"
  
  xmlbuilder@>=1.0.0:
    version "15.1.1"
    resolved "https://registry.yarnpkg.com/xmlbuilder/-/xmlbuilder-15.1.1.tgz#9dcdce49eea66d8d10b42cae94a79c3c8d0c2ec5"
    integrity sha512-yMqGBqtXyeN1e3TGYvgNgDVZ3j84W4cwkOXQswghol6APgZWaff9lnbvN7MHYJOiXsvGPXtjTYJEiC9J2wv9Eg==
  
  xmlbuilder@~11.0.0:
    version "11.0.1"
    resolved "https://registry.yarnpkg.com/xmlbuilder/-/xmlbuilder-11.0.1.tgz#be9bae1c8a046e76b31127726347d0ad7002beb3"
    integrity sha512-fDlsI/kFEx7gLvbecc0/ohLG50fugQp8ryHzMTuW9vSa1GJ0XYWKnhsUx7oie3G98+r56aTQIUB4kht42R3JvA==
  
  xtend@^4.0.0:
    version "4.0.2"
    resolved "https://registry.yarnpkg.com/xtend/-/xtend-4.0.2.tgz#bb72779f5fa465186b1f438f674fa347fdb5db54"
    integrity sha512-LKYU1iAXJXUgAXn9URjiu+MWhyUXHsvfp7mcuYm9dSUKK0/CjtrUwFAxD82/mCWbtLsGjFIad0wIsod4zrTAEQ==
  
  zip-stream@~0.4.0:
    version "0.4.1"
    resolved "https://registry.yarnpkg.com/zip-stream/-/zip-stream-0.4.1.tgz#4ea795a8ce19e9fab49a31d1d0877214159f03a3"
    integrity sha1-TqeVqM4Z6fq0mjHR0IdyFBWfA6M=
    dependencies:
      compress-commons "~0.1.0"
      lodash "~2.4.1"
      readable-stream "~1.0.26"
